<?xml version="1.0" encoding="UTF-8"?>
<!-- Generated by org.testng.reporters.JUnitReportReporter -->
<testsuite skipped="0" hostname="cchauhan-PC" name="Execution.ExecuteTestcase" tests="2" failures="0" timestamp="2020-05-18T04:26:54 IST" time="21.231" errors="0">
  <testcase name="verifyPracticepage" time="5.550" classname="Execution.ExecuteTestcase"/>
  <system-out/>
  <testcase name="homepagetest" time="15.681" classname="Execution.ExecuteTestcase"/>
  <system-out/>
</testsuite> <!-- Execution.ExecuteTestcase -->
